Generating signal and background events sequentially ...


Starting Iteration 0
[18:11:08] Processing No Weights for iteration 0...                 analysis:225
[18:11:09] Processing Sideband for iteration 0...                   analysis:225
E VariableMetricBuilder Initial matrix not pos.def.
[18:11:10] Processing InPlot for iteration 0...                     analysis:225
[18:11:11] Processing sPlot for iteration 0...                      analysis:225
           Processing Q-Factor for iteration 0...                   analysis:225
Calculating Q-Factors ━━━━━━━━━━━━━━━━━━━━━━━━━━━━━━━━━━━━━━━━ 100% 0:00:04
KS Statistic: 0.125, P-value: 0.0878382826713132
The calculated Q-factors distribution is not significantly different from the 
theoretical distribution.
KS Statistic: 0.44, P-value: 8.754091889378733e-18
The calculated Q-factors distribution is significantly different from the 
theoretical distribution.
[18:11:19] Processing Q-Factor_t for iteration 0...                 analysis:225
Calculating Q-Factors ━━━━━━━━━━━━━━━━━━━━━━━━━━━━━━━━━━━━━━━━ 100% 0:00:04
KS Statistic: 0.125, P-value: 0.0878382826713132
The calculated Q-factors distribution is not significantly different from the 
theoretical distribution.
KS Statistic: 0.435, P-value: 2.231131384195642e-17
The calculated Q-factors distribution is significantly different from the 
theoretical distribution.
[18:11:27] Processing Q-Factor_g for iteration 0...                 analysis:225
Calculating Q-Factors ━━━━━━━━━━━━━━━━━━━━━━━━━━━━━━━━━━━━━━━━ 100% 0:00:04
KS Statistic: 0.125, P-value: 0.0878382826713132
The calculated Q-factors distribution is not significantly different from the 
theoretical distribution.
KS Statistic: 0.435, P-value: 2.231131384195642e-17
The calculated Q-factors distribution is significantly different from the 
theoretical distribution.
[18:11:35] Processing Q-Factor_t_g for iteration 0...               analysis:225
Calculating Q-Factors ━━━━━━━━━━━━━━━━━━━━━━━━━━━━━━━━━━━━━━━━ 100% 0:00:04
KS Statistic: 0.12, P-value: 0.11228360286766195
The calculated Q-factors distribution is not significantly different from the 
theoretical distribution.
KS Statistic: 0.435, P-value: 2.231131384195642e-17
The calculated Q-factors distribution is significantly different from the 
theoretical distribution.
                                  Fit Results                                   
┏━━━━━━━━━━━━┳━━━━━━━━━━━━┳━━━━━━━━━━━━┳━━━━━━━━━━━━┳━━━━━━━━━━━━━┳━━━━━━━━━━━━┓
┃ Weighting  ┃            ┃            ┃            ┃             ┃            ┃
┃ Method     ┃ ρ⁰₀₀       ┃ ρ⁰₁,₋₁     ┃ Re[ρ⁰₁₀]   ┃ τ           ┃ σ          ┃
┡━━━━━━━━━━━━╇━━━━━━━━━━━━╇━━━━━━━━━━━━╇━━━━━━━━━━━━╇━━━━━━━━━━━━━╇━━━━━━━━━━━━┩
│ Truth      │ 0.650      │ 0.050      │ 0.100      │ 0.110       │ 0.130      │
├────────────┼────────────┼────────────┼────────────┼─────────────┼────────────┤
│ No Weights │ 0.474±0.0… │ -0.055±0.… │ 0.014±0.0… │ 0.271±0.027 │ 0.327±0.0… │
│ Analysis   │            │            │            │             │            │
│ Sideband   │ 0.863±0.1… │ 0.043±0.0… │ -0.027±0.… │ 0.062±0.009 │ 0.033±nan  │
│ Subtracti… │            │            │            │             │            │
│ Analysis   │            │            │            │             │            │
│ InPlot     │ 0.647±0.1… │ 0.018±0.0… │ 0.012±0.0… │ 0.166±0.024 │ 0.200±0.0… │
│ Analysis   │            │            │            │             │            │
│ sPlot      │ 0.822±0.1… │ 0.056±0.0… │ 0.015±0.0… │ 0.082±0.012 │ 0.022±0.0… │
│ Analysis   │            │            │            │             │            │
│ Q-Factor   │ 0.700±0.1… │ 0.022±0.0… │ 0.014±0.0… │ 0.161±0.024 │ 0.197±0.0… │
│ Analysis   │            │            │            │             │            │
│ sQ-Factor  │ 0.826±0.1… │ 0.059±0.0… │ 0.018±0.0… │ 0.086±0.012 │ 0.024±0.0… │
│ Analysis   │            │            │            │             │            │
│ Q-Factor   │ 0.697±0.1… │ 0.023±0.0… │ 0.014±0.0… │ 0.161±0.023 │ 0.197±0.0… │
│ Analysis   │            │            │            │             │            │
│ (with t)   │            │            │            │             │            │
│ sQ-Factor  │ 0.824±0.1… │ 0.059±0.0… │ 0.018±0.0… │ 0.087±0.012 │ 0.027±0.0… │
│ Analysis   │            │            │            │             │            │
│ (with t)   │            │            │            │             │            │
│ Q-Factor   │ 0.698±0.1… │ 0.022±0.0… │ 0.014±0.0… │ 0.161±0.024 │ 0.197±0.0… │
│ Analysis   │            │            │            │             │            │
│ (with g)   │            │            │            │             │            │
│ sQ-Factor  │ 0.825±0.1… │ 0.059±0.0… │ 0.019±0.0… │ 0.086±0.012 │ 0.024±0.0… │
│ Analysis   │            │            │            │             │            │
│ (with g)   │            │            │            │             │            │
│ Q-Factor   │ 0.695±0.1… │ 0.023±0.0… │ 0.014±0.0… │ 0.161±0.023 │ 0.197±0.0… │
│ Analysis   │            │            │            │             │            │
│ (with t &  │            │            │            │             │            │
│ g)         │            │            │            │             │            │
│ sQ-Factor  │ 0.823±0.1… │ 0.058±0.0… │ 0.018±0.0… │ 0.087±0.012 │ 0.027±0.0… │
│ Analysis   │            │            │            │             │            │
│ (with t &  │            │            │            │             │            │
│ g)         │            │            │            │             │            │
└────────────┴────────────┴────────────┴────────────┴─────────────┴────────────┘
